This file contains any messages produced by compilers while
running configure, to aid debugging if configure makes a mistake.

It was created by classComplex configure 0.0.1, which was
generated by GNU Autoconf 2.69.  Invocation command line was

  $ ./configure 

## --------- ##
## Platform. ##
## --------- ##

hostname = oscillan1
uname -m = x86_64
uname -r = 5.13.0-28-generic
uname -s = Linux
uname -v = #31-Ubuntu SMP Thu Jan 13 17:41:06 UTC 2022

/usr/bin/uname -p = x86_64
/bin/uname -X     = unknown

/bin/arch              = x86_64
/usr/bin/arch -k       = unknown
/usr/convex/getsysinfo = unknown
/usr/bin/hostinfo      = unknown
/bin/machine           = unknown
/usr/bin/oslevel       = unknown
/bin/universe          = unknown

PATH: /home/peter/.nvm/versions/node/v15.4.0/bin
PATH: /home/peter/bin
PATH: /home/peter/.local/bin
PATH: /usr/local/sbin
PATH: /usr/local/bin
PATH: /usr/sbin
PATH: /usr/bin
PATH: /sbin
PATH: /bin
PATH: /usr/games
PATH: /usr/local/games
PATH: /snap/bin
PATH: /home/peter/jdk1.8.0_251/bin
PATH: /usr/local/go/bin
PATH: /home/peter/POUB/selenium-webdriver
PATH: /snap/bin


## ----------- ##
## Core tests. ##
## ----------- ##

configure:2216: checking for a BSD-compatible install
configure:2284: result: /usr/bin/install -c
configure:2295: checking whether build environment is sane
configure:2350: result: yes
configure:2496: checking for a thread-safe mkdir -p
configure:2535: result: /usr/bin/mkdir -p
configure:2542: checking for gawk
configure:2558: found /usr/bin/gawk
configure:2569: result: gawk
configure:2580: checking whether make sets $(MAKE)
configure:2602: result: yes
configure:2631: checking whether make supports nested variables
configure:2648: result: yes
configure:2852: checking for g++
configure:2868: found /usr/bin/g++
configure:2879: result: g++
configure:2906: checking for C++ compiler version
configure:2915: g++ --version >&5
g++ (Ubuntu 11.2.0-7ubuntu2) 11.2.0
Copyright (C) 2021 Free Software Foundation, Inc.
This is free software; see the source for copying conditions.  There is NO
warranty; not even for MERCHANTABILITY or FITNESS FOR A PARTICULAR PURPOSE.

configure:2926: $? = 0
configure:2915: g++ -v >&5
Using built-in specs.
COLLECT_GCC=g++
COLLECT_LTO_WRAPPER=/usr/lib/gcc/x86_64-linux-gnu/11/lto-wrapper
OFFLOAD_TARGET_NAMES=nvptx-none:amdgcn-amdhsa
OFFLOAD_TARGET_DEFAULT=1
Target: x86_64-linux-gnu
Configured with: ../src/configure -v --with-pkgversion='Ubuntu 11.2.0-7ubuntu2' --with-bugurl=file:///usr/share/doc/gcc-11/README.Bugs --enable-languages=c,ada,c++,go,brig,d,fortran,objc,obj-c++,m2 --prefix=/usr --with-gcc-major-version-only --program-suffix=-11 --program-prefix=x86_64-linux-gnu- --enable-shared --enable-linker-build-id --libexecdir=/usr/lib --without-included-gettext --enable-threads=posix --libdir=/usr/lib --enable-nls --enable-bootstrap --enable-clocale=gnu --enable-libstdcxx-debug --enable-libstdcxx-time=yes --with-default-libstdcxx-abi=new --enable-gnu-unique-object --disable-vtable-verify --enable-plugin --enable-default-pie --with-system-zlib --enable-libphobos-checking=release --with-target-system-zlib=auto --enable-objc-gc=auto --enable-multiarch --disable-werror --enable-cet --with-arch-32=i686 --with-abi=m64 --with-multilib-list=m32,m64,mx32 --enable-multilib --with-tune=generic --enable-offload-targets=nvptx-none=/build/gcc-11-ZPT0kp/gcc-11-11.2.0/debian/tmp-nvptx/usr,amdgcn-amdhsa=/build/gcc-11-ZPT0kp/gcc-11-11.2.0/debian/tmp-gcn/usr --without-cuda-driver --enable-checking=release --build=x86_64-linux-gnu --host=x86_64-linux-gnu --target=x86_64-linux-gnu --with-build-config=bootstrap-lto-lean --enable-link-serialization=2
Thread model: posix
Supported LTO compression algorithms: zlib zstd
gcc version 11.2.0 (Ubuntu 11.2.0-7ubuntu2) 
... rest of stderr output deleted ...
configure:2926: $? = 0
configure:2915: g++ -V >&5
g++: error: unrecognized command-line option '-V'
g++: fatal error: no input files
compilation terminated.
configure:2926: $? = 1
configure:2915: g++ -qversion >&5
g++: error: unrecognized command-line option '-qversion'; did you mean '--version'?
g++: fatal error: no input files
compilation terminated.
configure:2926: $? = 1
configure:2946: checking whether the C++ compiler works
configure:2968: g++    conftest.cpp  >&5
configure:2972: $? = 0
configure:3020: result: yes
configure:3023: checking for C++ compiler default output file name
configure:3025: result: a.out
configure:3031: checking for suffix of executables
configure:3038: g++ -o conftest    conftest.cpp  >&5
configure:3042: $? = 0
configure:3064: result: 
configure:3086: checking whether we are cross compiling
configure:3094: g++ -o conftest    conftest.cpp  >&5
configure:3098: $? = 0
configure:3105: ./conftest
configure:3109: $? = 0
configure:3124: result: no
configure:3129: checking for suffix of object files
configure:3151: g++ -c   conftest.cpp >&5
configure:3155: $? = 0
configure:3176: result: o
configure:3180: checking whether we are using the GNU C++ compiler
configure:3199: g++ -c   conftest.cpp >&5
configure:3199: $? = 0
configure:3208: result: yes
configure:3217: checking whether g++ accepts -g
configure:3237: g++ -c -g  conftest.cpp >&5
configure:3237: $? = 0
configure:3278: result: yes
configure:3304: checking whether make supports the include directive
configure:3319: make -f confmf.GNU && cat confinc.out
this is the am__doit target
configure:3322: $? = 0
configure:3341: result: yes (GNU style)
configure:3366: checking dependency style of g++
configure:3477: result: gcc3
configure:3546: checking for gcc
configure:3562: found /usr/bin/gcc
configure:3573: result: gcc
configure:3802: checking for C compiler version
configure:3811: gcc --version >&5
gcc (Ubuntu 11.2.0-7ubuntu2) 11.2.0
Copyright (C) 2021 Free Software Foundation, Inc.
This is free software; see the source for copying conditions.  There is NO
warranty; not even for MERCHANTABILITY or FITNESS FOR A PARTICULAR PURPOSE.

configure:3822: $? = 0
configure:3811: gcc -v >&5
Using built-in specs.
COLLECT_GCC=gcc
COLLECT_LTO_WRAPPER=/usr/lib/gcc/x86_64-linux-gnu/11/lto-wrapper
OFFLOAD_TARGET_NAMES=nvptx-none:amdgcn-amdhsa
OFFLOAD_TARGET_DEFAULT=1
Target: x86_64-linux-gnu
Configured with: ../src/configure -v --with-pkgversion='Ubuntu 11.2.0-7ubuntu2' --with-bugurl=file:///usr/share/doc/gcc-11/README.Bugs --enable-languages=c,ada,c++,go,brig,d,fortran,objc,obj-c++,m2 --prefix=/usr --with-gcc-major-version-only --program-suffix=-11 --program-prefix=x86_64-linux-gnu- --enable-shared --enable-linker-build-id --libexecdir=/usr/lib --without-included-gettext --enable-threads=posix --libdir=/usr/lib --enable-nls --enable-bootstrap --enable-clocale=gnu --enable-libstdcxx-debug --enable-libstdcxx-time=yes --with-default-libstdcxx-abi=new --enable-gnu-unique-object --disable-vtable-verify --enable-plugin --enable-default-pie --with-system-zlib --enable-libphobos-checking=release --with-target-system-zlib=auto --enable-objc-gc=auto --enable-multiarch --disable-werror --enable-cet --with-arch-32=i686 --with-abi=m64 --with-multilib-list=m32,m64,mx32 --enable-multilib --with-tune=generic --enable-offload-targets=nvptx-none=/build/gcc-11-ZPT0kp/gcc-11-11.2.0/debian/tmp-nvptx/usr,amdgcn-amdhsa=/build/gcc-11-ZPT0kp/gcc-11-11.2.0/debian/tmp-gcn/usr --without-cuda-driver --enable-checking=release --build=x86_64-linux-gnu --host=x86_64-linux-gnu --target=x86_64-linux-gnu --with-build-config=bootstrap-lto-lean --enable-link-serialization=2
Thread model: posix
Supported LTO compression algorithms: zlib zstd
gcc version 11.2.0 (Ubuntu 11.2.0-7ubuntu2) 
... rest of stderr output deleted ...
configure:3822: $? = 0
configure:3811: gcc -V >&5
gcc: error: unrecognized command-line option '-V'
gcc: fatal error: no input files
compilation terminated.
configure:3822: $? = 1
configure:3811: gcc -qversion >&5
gcc: error: unrecognized command-line option '-qversion'; did you mean '--version'?
gcc: fatal error: no input files
compilation terminated.
configure:3822: $? = 1
configure:3826: checking whether we are using the GNU C compiler
configure:3845: gcc -c   conftest.c >&5
configure:3845: $? = 0
configure:3854: result: yes
configure:3863: checking whether gcc accepts -g
configure:3883: gcc -c -g  conftest.c >&5
configure:3883: $? = 0
configure:3924: result: yes
configure:3941: checking for gcc option to accept ISO C89
configure:4004: gcc  -c -g -O2  conftest.c >&5
configure:4004: $? = 0
configure:4017: result: none needed
configure:4042: checking whether gcc understands -c and -o together
configure:4064: gcc -c conftest.c -o conftest2.o
configure:4067: $? = 0
configure:4064: gcc -c conftest.c -o conftest2.o
configure:4067: $? = 0
configure:4079: result: yes
configure:4098: checking dependency style of gcc
configure:4209: result: gcc3
configure:4230: checking how to run the C preprocessor
configure:4261: gcc -E  conftest.c
configure:4261: $? = 0
configure:4275: gcc -E  conftest.c
conftest.c:11:10: fatal error: ac_nonexistent.h: No such file or directory
   11 | #include <ac_nonexistent.h>
      |          ^~~~~~~~~~~~~~~~~~
compilation terminated.
configure:4275: $? = 1
configure: failed program was:
| /* confdefs.h */
| #define PACKAGE_NAME "classComplex"
| #define PACKAGE_TARNAME "classcomplex"
| #define PACKAGE_VERSION "0.0.1"
| #define PACKAGE_STRING "classComplex 0.0.1"
| #define PACKAGE_BUGREPORT "moueza.pb@gmail.com"
| #define PACKAGE_URL ""
| #define PACKAGE "cplx"
| #define VERSION "0.0.1"
| /* end confdefs.h.  */
| #include <ac_nonexistent.h>
configure:4300: result: gcc -E
configure:4320: gcc -E  conftest.c
configure:4320: $? = 0
configure:4334: gcc -E  conftest.c
conftest.c:11:10: fatal error: ac_nonexistent.h: No such file or directory
   11 | #include <ac_nonexistent.h>
      |          ^~~~~~~~~~~~~~~~~~
compilation terminated.
configure:4334: $? = 1
configure: failed program was:
| /* confdefs.h */
| #define PACKAGE_NAME "classComplex"
| #define PACKAGE_TARNAME "classcomplex"
| #define PACKAGE_VERSION "0.0.1"
| #define PACKAGE_STRING "classComplex 0.0.1"
| #define PACKAGE_BUGREPORT "moueza.pb@gmail.com"
| #define PACKAGE_URL ""
| #define PACKAGE "cplx"
| #define VERSION "0.0.1"
| /* end confdefs.h.  */
| #include <ac_nonexistent.h>
configure:4363: checking for grep that handles long lines and -e
configure:4421: result: /usr/bin/grep
configure:4426: checking for egrep
configure:4488: result: /usr/bin/grep -E
configure:4493: checking for ANSI C header files
configure:4513: gcc -c -g -O2  conftest.c >&5
configure:4513: $? = 0
configure:4586: gcc -o conftest -g -O2   conftest.c  >&5
configure:4586: $? = 0
configure:4586: ./conftest
configure:4586: $? = 0
configure:4597: result: yes
configure:4610: checking for sys/types.h
configure:4610: gcc -c -g -O2  conftest.c >&5
configure:4610: $? = 0
configure:4610: result: yes
configure:4610: checking for sys/stat.h
configure:4610: gcc -c -g -O2  conftest.c >&5
configure:4610: $? = 0
configure:4610: result: yes
configure:4610: checking for stdlib.h
configure:4610: gcc -c -g -O2  conftest.c >&5
configure:4610: $? = 0
configure:4610: result: yes
configure:4610: checking for string.h
configure:4610: gcc -c -g -O2  conftest.c >&5
configure:4610: $? = 0
configure:4610: result: yes
configure:4610: checking for memory.h
configure:4610: gcc -c -g -O2  conftest.c >&5
configure:4610: $? = 0
configure:4610: result: yes
configure:4610: checking for strings.h
configure:4610: gcc -c -g -O2  conftest.c >&5
configure:4610: $? = 0
configure:4610: result: yes
configure:4610: checking for inttypes.h
configure:4610: gcc -c -g -O2  conftest.c >&5
configure:4610: $? = 0
configure:4610: result: yes
configure:4610: checking for stdint.h
configure:4610: gcc -c -g -O2  conftest.c >&5
configure:4610: $? = 0
configure:4610: result: yes
configure:4610: checking for unistd.h
configure:4610: gcc -c -g -O2  conftest.c >&5
configure:4610: $? = 0
configure:4610: result: yes
configure:4622: checking for stdbool.h that conforms to C99
configure:4689: gcc -c -g -O2  conftest.c >&5
configure:4689: $? = 0
configure:4696: result: yes
configure:4698: checking for _Bool
configure:4698: gcc -c -g -O2  conftest.c >&5
configure:4698: $? = 0
configure:4698: gcc -c -g -O2  conftest.c >&5
conftest.c: In function 'main':
conftest.c:57:20: error: expected expression before ')' token
   57 | if (sizeof ((_Bool)))
      |                    ^
configure:4698: $? = 1
configure: failed program was:
| /* confdefs.h */
| #define PACKAGE_NAME "classComplex"
| #define PACKAGE_TARNAME "classcomplex"
| #define PACKAGE_VERSION "0.0.1"
| #define PACKAGE_STRING "classComplex 0.0.1"
| #define PACKAGE_BUGREPORT "moueza.pb@gmail.com"
| #define PACKAGE_URL ""
| #define PACKAGE "cplx"
| #define VERSION "0.0.1"
| #define STDC_HEADERS 1
| #define HAVE_SYS_TYPES_H 1
| #define HAVE_SYS_STAT_H 1
| #define HAVE_STDLIB_H 1
| #define HAVE_STRING_H 1
| #define HAVE_MEMORY_H 1
| #define HAVE_STRINGS_H 1
| #define HAVE_INTTYPES_H 1
| #define HAVE_STDINT_H 1
| #define HAVE_UNISTD_H 1
| /* end confdefs.h.  */
| #include <stdio.h>
| #ifdef HAVE_SYS_TYPES_H
| # include <sys/types.h>
| #endif
| #ifdef HAVE_SYS_STAT_H
| # include <sys/stat.h>
| #endif
| #ifdef STDC_HEADERS
| # include <stdlib.h>
| # include <stddef.h>
| #else
| # ifdef HAVE_STDLIB_H
| #  include <stdlib.h>
| # endif
| #endif
| #ifdef HAVE_STRING_H
| # if !defined STDC_HEADERS && defined HAVE_MEMORY_H
| #  include <memory.h>
| # endif
| # include <string.h>
| #endif
| #ifdef HAVE_STRINGS_H
| # include <strings.h>
| #endif
| #ifdef HAVE_INTTYPES_H
| # include <inttypes.h>
| #endif
| #ifdef HAVE_STDINT_H
| # include <stdint.h>
| #endif
| #ifdef HAVE_UNISTD_H
| # include <unistd.h>
| #endif
| int
| main ()
| {
| if (sizeof ((_Bool)))
| 	    return 0;
|   ;
|   return 0;
| }
configure:4698: result: yes
configure:4713: checking for sqrt
configure:4713: gcc -o conftest -g -O2   conftest.c  >&5
conftest.c:45:6: warning: conflicting types for built-in function 'sqrt'; expected 'double(double)' [-Wbuiltin-declaration-mismatch]
   45 | char sqrt ();
      |      ^~~~
conftest.c:33:1: note: 'sqrt' is declared in header '<math.h>'
   32 | # include <limits.h>
   33 | #else
/usr/bin/ld: /tmp/ccbSajUZ.o: in function `main':
/home/peter/POUB/isbn-9-782100-069750-simulation-numerique-en-cpp/Listing02.3p064/conftest.c:56: undefined reference to `sqrt'
collect2: error: ld returned 1 exit status
configure:4713: $? = 1
configure: failed program was:
| /* confdefs.h */
| #define PACKAGE_NAME "classComplex"
| #define PACKAGE_TARNAME "classcomplex"
| #define PACKAGE_VERSION "0.0.1"
| #define PACKAGE_STRING "classComplex 0.0.1"
| #define PACKAGE_BUGREPORT "moueza.pb@gmail.com"
| #define PACKAGE_URL ""
| #define PACKAGE "cplx"
| #define VERSION "0.0.1"
| #define STDC_HEADERS 1
| #define HAVE_SYS_TYPES_H 1
| #define HAVE_SYS_STAT_H 1
| #define HAVE_STDLIB_H 1
| #define HAVE_STRING_H 1
| #define HAVE_MEMORY_H 1
| #define HAVE_STRINGS_H 1
| #define HAVE_INTTYPES_H 1
| #define HAVE_STDINT_H 1
| #define HAVE_UNISTD_H 1
| #define HAVE__BOOL 1
| /* end confdefs.h.  */
| /* Define sqrt to an innocuous variant, in case <limits.h> declares sqrt.
|    For example, HP-UX 11i <limits.h> declares gettimeofday.  */
| #define sqrt innocuous_sqrt
| 
| /* System header to define __stub macros and hopefully few prototypes,
|     which can conflict with char sqrt (); below.
|     Prefer <limits.h> to <assert.h> if __STDC__ is defined, since
|     <limits.h> exists even on freestanding compilers.  */
| 
| #ifdef __STDC__
| # include <limits.h>
| #else
| # include <assert.h>
| #endif
| 
| #undef sqrt
| 
| /* Override any GCC internal prototype to avoid an error.
|    Use char because int might match the return type of a GCC
|    builtin and then its argument prototype would still apply.  */
| #ifdef __cplusplus
| extern "C"
| #endif
| char sqrt ();
| /* The GNU C library defines this for functions which it implements
|     to always fail with ENOSYS.  Some functions are actually named
|     something starting with __ and the normal name is an alias.  */
| #if defined __stub_sqrt || defined __stub___sqrt
| choke me
| #endif
| 
| int
| main ()
| {
| return sqrt ();
|   ;
|   return 0;
| }
configure:4713: result: no
configure:4862: checking that generated files are newer than configure
configure:4868: result: done
configure:4895: creating ./config.status

## ---------------------- ##
## Running config.status. ##
## ---------------------- ##

This file was extended by classComplex config.status 0.0.1, which was
generated by GNU Autoconf 2.69.  Invocation command line was

  CONFIG_FILES    = 
  CONFIG_HEADERS  = 
  CONFIG_LINKS    = 
  CONFIG_COMMANDS = 
  $ ./config.status 

on oscillan1

config.status:786: creating Makefile
config.status:958: executing depfiles commands
config.status:1035: cd .       && sed -e '/# am--include-marker/d' Makefile         | make -f - am--depfiles
config.status:1040: $? = 0

## ---------------- ##
## Cache variables. ##
## ---------------- ##

ac_cv_c_compiler_gnu=yes
ac_cv_cxx_compiler_gnu=yes
ac_cv_env_CCC_set=
ac_cv_env_CCC_value=
ac_cv_env_CC_set=
ac_cv_env_CC_value=
ac_cv_env_CFLAGS_set=
ac_cv_env_CFLAGS_value=
ac_cv_env_CPPFLAGS_set=
ac_cv_env_CPPFLAGS_value=
ac_cv_env_CPP_set=
ac_cv_env_CPP_value=
ac_cv_env_CXXFLAGS_set=
ac_cv_env_CXXFLAGS_value=
ac_cv_env_CXX_set=
ac_cv_env_CXX_value=
ac_cv_env_LDFLAGS_set=
ac_cv_env_LDFLAGS_value=
ac_cv_env_LIBS_set=
ac_cv_env_LIBS_value=
ac_cv_env_build_alias_set=
ac_cv_env_build_alias_value=
ac_cv_env_host_alias_set=
ac_cv_env_host_alias_value=
ac_cv_env_target_alias_set=
ac_cv_env_target_alias_value=
ac_cv_func_sqrt=no
ac_cv_header_inttypes_h=yes
ac_cv_header_memory_h=yes
ac_cv_header_stdbool_h=yes
ac_cv_header_stdc=yes
ac_cv_header_stdint_h=yes
ac_cv_header_stdlib_h=yes
ac_cv_header_string_h=yes
ac_cv_header_strings_h=yes
ac_cv_header_sys_stat_h=yes
ac_cv_header_sys_types_h=yes
ac_cv_header_unistd_h=yes
ac_cv_objext=o
ac_cv_path_EGREP='/usr/bin/grep -E'
ac_cv_path_GREP=/usr/bin/grep
ac_cv_path_install='/usr/bin/install -c'
ac_cv_path_mkdir=/usr/bin/mkdir
ac_cv_prog_AWK=gawk
ac_cv_prog_CPP='gcc -E'
ac_cv_prog_ac_ct_CC=gcc
ac_cv_prog_ac_ct_CXX=g++
ac_cv_prog_cc_c89=
ac_cv_prog_cc_g=yes
ac_cv_prog_cxx_g=yes
ac_cv_prog_make_make_set=yes
ac_cv_type__Bool=yes
am_cv_CC_dependencies_compiler_type=gcc3
am_cv_CXX_dependencies_compiler_type=gcc3
am_cv_make_support_nested_variables=yes
am_cv_prog_cc_c_o=yes

## ----------------- ##
## Output variables. ##
## ----------------- ##

ACLOCAL='${SHELL} '\''/home/peter/POUB/isbn-9-782100-069750-simulation-numerique-en-cpp/Listing02.3p064/missing'\'' aclocal-1.16'
AMDEPBACKSLASH='\'
AMDEP_FALSE='#'
AMDEP_TRUE=''
AMTAR='$${TAR-tar}'
AM_BACKSLASH='\'
AM_DEFAULT_V='$(AM_DEFAULT_VERBOSITY)'
AM_DEFAULT_VERBOSITY='1'
AM_V='$(V)'
AUTOCONF='${SHELL} '\''/home/peter/POUB/isbn-9-782100-069750-simulation-numerique-en-cpp/Listing02.3p064/missing'\'' autoconf'
AUTOHEADER='${SHELL} '\''/home/peter/POUB/isbn-9-782100-069750-simulation-numerique-en-cpp/Listing02.3p064/missing'\'' autoheader'
AUTOMAKE='${SHELL} '\''/home/peter/POUB/isbn-9-782100-069750-simulation-numerique-en-cpp/Listing02.3p064/missing'\'' automake-1.16'
AWK='gawk'
CC='gcc'
CCDEPMODE='depmode=gcc3'
CFLAGS='-g -O2'
CPP='gcc -E'
CPPFLAGS=''
CSCOPE='cscope'
CTAGS='ctags'
CXX='g++'
CXXDEPMODE='depmode=gcc3'
CXXFLAGS='-g -O2'
CYGPATH_W='echo'
DEFS='-DPACKAGE_NAME=\"classComplex\" -DPACKAGE_TARNAME=\"classcomplex\" -DPACKAGE_VERSION=\"0.0.1\" -DPACKAGE_STRING=\"classComplex\ 0.0.1\" -DPACKAGE_BUGREPORT=\"moueza.pb@gmail.com\" -DPACKAGE_URL=\"\" -DPACKAGE=\"cplx\" -DVERSION=\"0.0.1\" -DSTDC_HEADERS=1 -DHAVE_SYS_TYPES_H=1 -DHAVE_SYS_STAT_H=1 -DHAVE_STDLIB_H=1 -DHAVE_STRING_H=1 -DHAVE_MEMORY_H=1 -DHAVE_STRINGS_H=1 -DHAVE_INTTYPES_H=1 -DHAVE_STDINT_H=1 -DHAVE_UNISTD_H=1 -DHAVE__BOOL=1'
DEPDIR='.deps'
ECHO_C=''
ECHO_N='-n'
ECHO_T=''
EGREP='/usr/bin/grep -E'
ETAGS='etags'
EXEEXT=''
GREP='/usr/bin/grep'
INSTALL_DATA='${INSTALL} -m 644'
INSTALL_PROGRAM='${INSTALL}'
INSTALL_SCRIPT='${INSTALL}'
INSTALL_STRIP_PROGRAM='$(install_sh) -c -s'
LDFLAGS=''
LIBOBJS=''
LIBS=''
LTLIBOBJS=''
MAKEINFO='${SHELL} '\''/home/peter/POUB/isbn-9-782100-069750-simulation-numerique-en-cpp/Listing02.3p064/missing'\'' makeinfo'
MKDIR_P='/usr/bin/mkdir -p'
OBJEXT='o'
PACKAGE='cplx'
PACKAGE_BUGREPORT='moueza.pb@gmail.com'
PACKAGE_NAME='classComplex'
PACKAGE_STRING='classComplex 0.0.1'
PACKAGE_TARNAME='classcomplex'
PACKAGE_URL=''
PACKAGE_VERSION='0.0.1'
PATH_SEPARATOR=':'
SET_MAKE=''
SHELL='/bin/bash'
STRIP=''
VERSION='0.0.1'
ac_ct_CC='gcc'
ac_ct_CXX='g++'
am__EXEEXT_FALSE=''
am__EXEEXT_TRUE='#'
am__fastdepCC_FALSE='#'
am__fastdepCC_TRUE=''
am__fastdepCXX_FALSE='#'
am__fastdepCXX_TRUE=''
am__include='include'
am__isrc=''
am__leading_dot='.'
am__nodep='_no'
am__quote=''
am__tar='$${TAR-tar} chof - "$$tardir"'
am__untar='$${TAR-tar} xf -'
bindir='${exec_prefix}/bin'
build_alias=''
datadir='${datarootdir}'
datarootdir='${prefix}/share'
docdir='${datarootdir}/doc/${PACKAGE_TARNAME}'
dvidir='${docdir}'
exec_prefix='${prefix}'
host_alias=''
htmldir='${docdir}'
includedir='${prefix}/include'
infodir='${datarootdir}/info'
install_sh='${SHELL} /home/peter/POUB/isbn-9-782100-069750-simulation-numerique-en-cpp/Listing02.3p064/install-sh'
libdir='${exec_prefix}/lib'
libexecdir='${exec_prefix}/libexec'
localedir='${datarootdir}/locale'
localstatedir='${prefix}/var'
mandir='${datarootdir}/man'
mkdir_p='$(MKDIR_P)'
oldincludedir='/usr/include'
pdfdir='${docdir}'
prefix='/usr/local'
program_transform_name='s,x,x,'
psdir='${docdir}'
runstatedir='${localstatedir}/run'
sbindir='${exec_prefix}/sbin'
sharedstatedir='${prefix}/com'
sysconfdir='${prefix}/etc'
target_alias=''

## ----------- ##
## confdefs.h. ##
## ----------- ##

/* confdefs.h */
#define PACKAGE_NAME "classComplex"
#define PACKAGE_TARNAME "classcomplex"
#define PACKAGE_VERSION "0.0.1"
#define PACKAGE_STRING "classComplex 0.0.1"
#define PACKAGE_BUGREPORT "moueza.pb@gmail.com"
#define PACKAGE_URL ""
#define PACKAGE "cplx"
#define VERSION "0.0.1"
#define STDC_HEADERS 1
#define HAVE_SYS_TYPES_H 1
#define HAVE_SYS_STAT_H 1
#define HAVE_STDLIB_H 1
#define HAVE_STRING_H 1
#define HAVE_MEMORY_H 1
#define HAVE_STRINGS_H 1
#define HAVE_INTTYPES_H 1
#define HAVE_STDINT_H 1
#define HAVE_UNISTD_H 1
#define HAVE__BOOL 1

configure: exit 0
